<?xml version="1.0" encoding="UTF-8"?>
<!-- Generated by org.testng.reporters.JUnitReportReporter -->
<testsuite hostname="DESKTOP-7KVO2NO" failures="0" tests="2" name="dummyproject.Test1" time="0.028" errors="0" timestamp="2021-03-10T22:38:09 GMT-12:00" skipped="0">
  <testcase classname="dummyproject.Test1" name="createcontact" time="0.020"/>
  <system-out/>
  <testcase classname="dummyproject.Test1" name="createcontactwithmobile" time="0.008"/>
  <system-out/>
</testsuite> <!-- dummyproject.Test1 -->
